[ 2023-08-13 22:46:26,004 ] 20 root - INFO - >>>>>>>>>>>>>>>>>>>>>>>>>>>>>>>>>>>>>>>> Data Ingestion <<<<<<<<<<<<<<<<<<<<<<<<<<<<<<<<<<<<<<<<
[ 2023-08-13 22:46:26,004 ] 31 root - INFO - Exporting collection data as pandas dataframe
[ 2023-08-13 22:46:26,004 ] 22 root - INFO - Reading data from database: MultiplicationTable and collection: Multiplication
[ 2023-08-13 22:46:26,880 ] 24 root - INFO - Found columns: Index(['_id', 'A', 'B', 'C'], dtype='object')
[ 2023-08-13 22:46:26,880 ] 26 root - INFO - Dropping column: _id 
[ 2023-08-13 22:46:26,888 ] 28 root - INFO - Row and columns in df: (13142, 3)
[ 2023-08-13 22:46:26,896 ] 37 root - INFO - Save data in feature store
[ 2023-08-13 22:46:26,896 ] 39 root - INFO - Create feature store folder if not available
[ 2023-08-13 22:46:26,896 ] 43 root - INFO - Save df to feature store folder
[ 2023-08-13 22:46:26,930 ] 47 root - INFO - split dataset into train and test set
[ 2023-08-13 22:46:26,938 ] 51 root - INFO - create dataset directory folder if not available
[ 2023-08-13 22:46:26,938 ] 56 root - INFO - Saving train df and test df to dataset folder
[ 2023-08-13 22:46:26,963 ] 67 root - INFO - Data ingestion artifact: DataIngestionArtifact(feature_store_file_path='D:\\FSDS-iNeuron\\10.Projects-DS\\Multiplation_Table\\artifact\\08132023__224626\\data_ingestion\\feature_store\\multiplication.csv', train_file_path='D:\\FSDS-iNeuron\\10.Projects-DS\\Multiplation_Table\\artifact\\08132023__224626\\data_ingestion\\dataset\\train.csv', test_file_path='D:\\FSDS-iNeuron\\10.Projects-DS\\Multiplation_Table\\artifact\\08132023__224626\\data_ingestion\\dataset\\test.csv')
[ 2023-08-13 22:46:26,980 ] 21 root - INFO - >>>>>>>>>>>>>>>>>>>>>>>>>>>>>>>>>>>>>>>> Data Validation <<<<<<<<<<<<<<<<<<<<<<<<<<<<<<<<<<<<<<<<
[ 2023-08-13 22:46:26,980 ] 86 root - INFO - Reading base dataframe
[ 2023-08-13 22:46:26,996 ] 89 root - INFO - Replace # value in base df
[ 2023-08-13 22:46:26,996 ] 92 root - INFO - Drop null values colums from base df
[ 2023-08-13 22:46:27,004 ] 95 root - INFO - Reading train dataframe
[ 2023-08-13 22:46:27,044 ] 97 root - INFO - Reading test dataframe
[ 2023-08-13 22:46:27,063 ] 100 root - INFO - Replace # value in train df
[ 2023-08-13 22:46:27,063 ] 102 root - INFO - Replace # value in test df
[ 2023-08-13 22:46:27,080 ] 105 root - INFO - Drop null values colums from train df
[ 2023-08-13 22:46:27,080 ] 107 root - INFO - Drop null values colums from test df
[ 2023-08-13 22:46:27,080 ] 110 root - INFO - Removing extra characters from base df
[ 2023-08-13 22:46:27,113 ] 112 root - INFO - Removing extra characters from train df
[ 2023-08-13 22:46:27,154 ] 114 root - INFO - Removing extra characters from test df
[ 2023-08-13 22:46:27,163 ] 117 root - INFO - Converting base df columns to int type
[ 2023-08-13 22:46:27,163 ] 119 root - INFO - Converting train df columns to int type
[ 2023-08-13 22:46:27,180 ] 121 root - INFO - Converting test df columns to int type
[ 2023-08-13 22:46:27,180 ] 122 root - INFO -           A    B       C
0      31.0   29     899
1      50.0   66    3300
2     498.0   24   11952
3     789.0  465  366885
4      37.0   37    1369
...     ...  ...     ...
2624  949.0   29   27521
2625    6.0   80     480
2626   78.0   38    2964
2627   98.0    5     490
2628   14.0   67     938

[2619 rows x 3 columns]
