[ 2023-08-13 22:47:34,541 ] 20 root - INFO - >>>>>>>>>>>>>>>>>>>>>>>>>>>>>>>>>>>>>>>> Data Ingestion <<<<<<<<<<<<<<<<<<<<<<<<<<<<<<<<<<<<<<<<
[ 2023-08-13 22:47:34,541 ] 31 root - INFO - Exporting collection data as pandas dataframe
[ 2023-08-13 22:47:34,541 ] 22 root - INFO - Reading data from database: MultiplicationTable and collection: Multiplication
[ 2023-08-13 22:47:35,451 ] 24 root - INFO - Found columns: Index(['_id', 'A', 'B', 'C'], dtype='object')
[ 2023-08-13 22:47:35,459 ] 26 root - INFO - Dropping column: _id 
[ 2023-08-13 22:47:35,467 ] 28 root - INFO - Row and columns in df: (13142, 3)
[ 2023-08-13 22:47:35,467 ] 37 root - INFO - Save data in feature store
[ 2023-08-13 22:47:35,467 ] 39 root - INFO - Create feature store folder if not available
[ 2023-08-13 22:47:35,467 ] 43 root - INFO - Save df to feature store folder
[ 2023-08-13 22:47:35,585 ] 47 root - INFO - split dataset into train and test set
[ 2023-08-13 22:47:35,601 ] 51 root - INFO - create dataset directory folder if not available
[ 2023-08-13 22:47:35,601 ] 56 root - INFO - Saving train df and test df to dataset folder
[ 2023-08-13 22:47:35,683 ] 67 root - INFO - Data ingestion artifact: DataIngestionArtifact(feature_store_file_path='D:\\FSDS-iNeuron\\10.Projects-DS\\Multiplation_Table\\artifact\\08132023__224734\\data_ingestion\\feature_store\\multiplication.csv', train_file_path='D:\\FSDS-iNeuron\\10.Projects-DS\\Multiplation_Table\\artifact\\08132023__224734\\data_ingestion\\dataset\\train.csv', test_file_path='D:\\FSDS-iNeuron\\10.Projects-DS\\Multiplation_Table\\artifact\\08132023__224734\\data_ingestion\\dataset\\test.csv')
[ 2023-08-13 22:47:35,691 ] 21 root - INFO - >>>>>>>>>>>>>>>>>>>>>>>>>>>>>>>>>>>>>>>> Data Validation <<<<<<<<<<<<<<<<<<<<<<<<<<<<<<<<<<<<<<<<
[ 2023-08-13 22:47:35,700 ] 86 root - INFO - Reading base dataframe
[ 2023-08-13 22:47:35,716 ] 89 root - INFO - Replace # value in base df
[ 2023-08-13 22:47:35,733 ] 92 root - INFO - Drop null values colums from base df
[ 2023-08-13 22:47:35,749 ] 95 root - INFO - Reading train dataframe
[ 2023-08-13 22:47:35,800 ] 97 root - INFO - Reading test dataframe
[ 2023-08-13 22:47:35,849 ] 100 root - INFO - Replace # value in train df
[ 2023-08-13 22:47:35,865 ] 102 root - INFO - Replace # value in test df
[ 2023-08-13 22:47:35,867 ] 105 root - INFO - Drop null values colums from train df
[ 2023-08-13 22:47:35,884 ] 107 root - INFO - Drop null values colums from test df
[ 2023-08-13 22:47:35,884 ] 110 root - INFO - Removing extra characters from base df
[ 2023-08-13 22:47:35,954 ] 112 root - INFO - Removing extra characters from train df
[ 2023-08-13 22:47:36,007 ] 114 root - INFO - Removing extra characters from test df
[ 2023-08-13 22:47:36,016 ] 117 root - INFO - Converting base df columns to int type
[ 2023-08-13 22:47:36,033 ] 119 root - INFO - Converting train df columns to int type
[ 2023-08-13 22:47:36,041 ] 121 root - INFO - Converting test df columns to int type
