[ 2023-08-13 22:41:56,265 ] 20 root - INFO - >>>>>>>>>>>>>>>>>>>>>>>>>>>>>>>>>>>>>>>> Data Ingestion <<<<<<<<<<<<<<<<<<<<<<<<<<<<<<<<<<<<<<<<
[ 2023-08-13 22:41:56,265 ] 31 root - INFO - Exporting collection data as pandas dataframe
[ 2023-08-13 22:41:56,265 ] 22 root - INFO - Reading data from database: MultiplicationTable and collection: Multiplication
[ 2023-08-13 22:41:57,165 ] 24 root - INFO - Found columns: Index(['_id', 'A', 'B', 'C'], dtype='object')
[ 2023-08-13 22:41:57,166 ] 26 root - INFO - Dropping column: _id 
[ 2023-08-13 22:41:57,166 ] 28 root - INFO - Row and columns in df: (13142, 3)
[ 2023-08-13 22:41:57,166 ] 37 root - INFO - Save data in feature store
[ 2023-08-13 22:41:57,166 ] 39 root - INFO - Create feature store folder if not available
[ 2023-08-13 22:41:57,166 ] 43 root - INFO - Save df to feature store folder
[ 2023-08-13 22:41:57,208 ] 47 root - INFO - split dataset into train and test set
[ 2023-08-13 22:41:57,208 ] 51 root - INFO - create dataset directory folder if not available
[ 2023-08-13 22:41:57,208 ] 56 root - INFO - Saving train df and test df to dataset folder
[ 2023-08-13 22:41:57,240 ] 67 root - INFO - Data ingestion artifact: DataIngestionArtifact(feature_store_file_path='D:\\FSDS-iNeuron\\10.Projects-DS\\Multiplation_Table\\artifact\\08132023__224156\\data_ingestion\\feature_store\\multiplication.csv', train_file_path='D:\\FSDS-iNeuron\\10.Projects-DS\\Multiplation_Table\\artifact\\08132023__224156\\data_ingestion\\dataset\\train.csv', test_file_path='D:\\FSDS-iNeuron\\10.Projects-DS\\Multiplation_Table\\artifact\\08132023__224156\\data_ingestion\\dataset\\test.csv')
[ 2023-08-13 22:41:57,250 ] 21 root - INFO - >>>>>>>>>>>>>>>>>>>>>>>>>>>>>>>>>>>>>>>> Data Validation <<<<<<<<<<<<<<<<<<<<<<<<<<<<<<<<<<<<<<<<
[ 2023-08-13 22:41:57,250 ] 86 root - INFO - Reading base dataframe
[ 2023-08-13 22:41:57,266 ] 89 root - INFO - Replace # value in base df
[ 2023-08-13 22:41:57,266 ] 92 root - INFO - Drop null values colums from base df
[ 2023-08-13 22:41:57,284 ] 95 root - INFO - Reading train dataframe
[ 2023-08-13 22:41:57,308 ] 97 root - INFO - Reading test dataframe
[ 2023-08-13 22:41:57,316 ] 100 root - INFO - Replace # value in train df
[ 2023-08-13 22:41:57,316 ] 102 root - INFO - Replace # value in test df
[ 2023-08-13 22:41:57,316 ] 105 root - INFO - Drop null values colums from train df
[ 2023-08-13 22:41:57,333 ] 107 root - INFO - Drop null values colums from test df
[ 2023-08-13 22:41:57,333 ] 110 root - INFO - Removing extra characters from base df
[ 2023-08-13 22:41:57,366 ] 112 root - INFO - Removing extra characters from train df
[ 2023-08-13 22:41:57,407 ] 114 root - INFO - Removing extra characters from test df
[ 2023-08-13 22:41:57,416 ] 117 root - INFO - Converting base df columns to int type
[ 2023-08-13 22:41:57,416 ] 119 root - INFO - Converting train df columns to int type
[ 2023-08-13 22:41:57,416 ] 121 root - INFO - Converting test df columns to int type
