[ 2023-08-13 22:38:00,512 ] 20 root - INFO - >>>>>>>>>>>>>>>>>>>>>>>>>>>>>>>>>>>>>>>> Data Ingestion <<<<<<<<<<<<<<<<<<<<<<<<<<<<<<<<<<<<<<<<
[ 2023-08-13 22:38:00,512 ] 31 root - INFO - Exporting collection data as pandas dataframe
[ 2023-08-13 22:38:00,512 ] 22 root - INFO - Reading data from database: MultiplicationTable and collection: Multiplication
[ 2023-08-13 22:38:01,521 ] 24 root - INFO - Found columns: Index(['_id', 'A', 'B', 'C'], dtype='object')
[ 2023-08-13 22:38:01,529 ] 26 root - INFO - Dropping column: _id 
[ 2023-08-13 22:38:01,562 ] 28 root - INFO - Row and columns in df: (13142, 3)
[ 2023-08-13 22:38:01,562 ] 37 root - INFO - Save data in feature store
[ 2023-08-13 22:38:01,563 ] 39 root - INFO - Create feature store folder if not available
[ 2023-08-13 22:38:01,579 ] 43 root - INFO - Save df to feature store folder
[ 2023-08-13 22:38:01,637 ] 47 root - INFO - split dataset into train and test set
[ 2023-08-13 22:38:01,646 ] 51 root - INFO - create dataset directory folder if not available
[ 2023-08-13 22:38:01,646 ] 56 root - INFO - Saving train df and test df to dataset folder
[ 2023-08-13 22:38:01,712 ] 67 root - INFO - Data ingestion artifact: DataIngestionArtifact(feature_store_file_path='D:\\FSDS-iNeuron\\10.Projects-DS\\Multiplation_Table\\artifact\\08132023__223800\\data_ingestion\\feature_store\\multiplication.csv', train_file_path='D:\\FSDS-iNeuron\\10.Projects-DS\\Multiplation_Table\\artifact\\08132023__223800\\data_ingestion\\dataset\\train.csv', test_file_path='D:\\FSDS-iNeuron\\10.Projects-DS\\Multiplation_Table\\artifact\\08132023__223800\\data_ingestion\\dataset\\test.csv')
[ 2023-08-13 22:38:01,723 ] 21 root - INFO - >>>>>>>>>>>>>>>>>>>>>>>>>>>>>>>>>>>>>>>> Data Validation <<<<<<<<<<<<<<<<<<<<<<<<<<<<<<<<<<<<<<<<
[ 2023-08-13 22:38:01,723 ] 86 root - INFO - Reading base dataframe
[ 2023-08-13 22:38:01,739 ] 89 root - INFO - Replace # value in base df
[ 2023-08-13 22:38:01,747 ] 92 root - INFO - Drop null values colums from base df
[ 2023-08-13 22:38:01,747 ] 95 root - INFO - Reading train dataframe
[ 2023-08-13 22:38:01,795 ] 97 root - INFO - Reading test dataframe
[ 2023-08-13 22:38:01,813 ] 100 root - INFO - Replace # value in train df
[ 2023-08-13 22:38:01,813 ] 102 root - INFO - Replace # value in test df
[ 2023-08-13 22:38:01,829 ] 105 root - INFO - Drop null values colums from train df
[ 2023-08-13 22:38:01,829 ] 107 root - INFO - Drop null values colums from test df
[ 2023-08-13 22:38:01,835 ] 110 root - INFO - Removing extra characters from base df
[ 2023-08-13 22:38:01,862 ] 112 root - INFO - Removing extra characters from train df
[ 2023-08-13 22:38:01,903 ] 114 root - INFO - Removing extra characters from test df
[ 2023-08-13 22:38:01,912 ] 117 root - INFO - Converting base df columns to int type
