[ 2023-08-13 22:48:09,548 ] 20 root - INFO - >>>>>>>>>>>>>>>>>>>>>>>>>>>>>>>>>>>>>>>> Data Ingestion <<<<<<<<<<<<<<<<<<<<<<<<<<<<<<<<<<<<<<<<
[ 2023-08-13 22:48:09,548 ] 31 root - INFO - Exporting collection data as pandas dataframe
[ 2023-08-13 22:48:09,548 ] 22 root - INFO - Reading data from database: MultiplicationTable and collection: Multiplication
[ 2023-08-13 22:48:10,654 ] 24 root - INFO - Found columns: Index(['_id', 'A', 'B', 'C'], dtype='object')
[ 2023-08-13 22:48:10,654 ] 26 root - INFO - Dropping column: _id 
[ 2023-08-13 22:48:10,660 ] 28 root - INFO - Row and columns in df: (13142, 3)
[ 2023-08-13 22:48:10,660 ] 37 root - INFO - Save data in feature store
[ 2023-08-13 22:48:10,660 ] 39 root - INFO - Create feature store folder if not available
[ 2023-08-13 22:48:10,677 ] 43 root - INFO - Save df to feature store folder
[ 2023-08-13 22:48:10,751 ] 47 root - INFO - split dataset into train and test set
[ 2023-08-13 22:48:10,760 ] 51 root - INFO - create dataset directory folder if not available
[ 2023-08-13 22:48:10,760 ] 56 root - INFO - Saving train df and test df to dataset folder
[ 2023-08-13 22:48:10,826 ] 67 root - INFO - Data ingestion artifact: DataIngestionArtifact(feature_store_file_path='D:\\FSDS-iNeuron\\10.Projects-DS\\Multiplation_Table\\artifact\\08132023__224809\\data_ingestion\\feature_store\\multiplication.csv', train_file_path='D:\\FSDS-iNeuron\\10.Projects-DS\\Multiplation_Table\\artifact\\08132023__224809\\data_ingestion\\dataset\\train.csv', test_file_path='D:\\FSDS-iNeuron\\10.Projects-DS\\Multiplation_Table\\artifact\\08132023__224809\\data_ingestion\\dataset\\test.csv')
[ 2023-08-13 22:48:10,834 ] 21 root - INFO - >>>>>>>>>>>>>>>>>>>>>>>>>>>>>>>>>>>>>>>> Data Validation <<<<<<<<<<<<<<<<<<<<<<<<<<<<<<<<<<<<<<<<
[ 2023-08-13 22:48:10,834 ] 86 root - INFO - Reading base dataframe
[ 2023-08-13 22:48:10,860 ] 89 root - INFO - Replace # value in base df
[ 2023-08-13 22:48:10,860 ] 92 root - INFO - Drop null values colums from base df
[ 2023-08-13 22:48:10,876 ] 95 root - INFO - Reading train dataframe
[ 2023-08-13 22:48:10,925 ] 97 root - INFO - Reading test dataframe
[ 2023-08-13 22:48:10,951 ] 100 root - INFO - Replace # value in train df
[ 2023-08-13 22:48:10,967 ] 102 root - INFO - Replace # value in test df
[ 2023-08-13 22:48:10,967 ] 105 root - INFO - Drop null values colums from train df
[ 2023-08-13 22:48:10,975 ] 107 root - INFO - Drop null values colums from test df
[ 2023-08-13 22:48:10,983 ] 110 root - INFO - Removing extra characters from base df
[ 2023-08-13 22:48:11,030 ] 112 root - INFO - Removing extra characters from train df
[ 2023-08-13 22:48:11,059 ] 114 root - INFO - Removing extra characters from test df
[ 2023-08-13 22:48:11,077 ] 117 root - INFO - Converting base df columns to int type
[ 2023-08-13 22:48:11,077 ] 119 root - INFO - Converting train df columns to int type
[ 2023-08-13 22:48:11,085 ] 121 root - INFO - Converting test df columns to int type
