[ 2023-08-13 23:20:52,407 ] 20 root - INFO - >>>>>>>>>>>>>>>>>>>>>>>>>>>>>>>>>>>>>>>> Data Ingestion <<<<<<<<<<<<<<<<<<<<<<<<<<<<<<<<<<<<<<<<
[ 2023-08-13 23:20:52,407 ] 31 root - INFO - Exporting collection data as pandas dataframe
[ 2023-08-13 23:20:52,407 ] 22 root - INFO - Reading data from database: MultiplicationTable and collection: Multiplication
[ 2023-08-13 23:20:53,222 ] 24 root - INFO - Found columns: Index(['_id', 'A', 'B', 'C'], dtype='object')
[ 2023-08-13 23:20:53,222 ] 26 root - INFO - Dropping column: _id 
[ 2023-08-13 23:20:53,237 ] 28 root - INFO - Row and columns in df: (13142, 3)
[ 2023-08-13 23:20:53,237 ] 37 root - INFO - Save data in feature store
[ 2023-08-13 23:20:53,237 ] 39 root - INFO - Create feature store folder if not available
[ 2023-08-13 23:20:53,237 ] 43 root - INFO - Save df to feature store folder
[ 2023-08-13 23:20:53,269 ] 47 root - INFO - split dataset into train and test set
[ 2023-08-13 23:20:53,284 ] 51 root - INFO - create dataset directory folder if not available
[ 2023-08-13 23:20:53,284 ] 56 root - INFO - Saving train df and test df to dataset folder
[ 2023-08-13 23:20:53,316 ] 67 root - INFO - Data ingestion artifact: DataIngestionArtifact(feature_store_file_path='D:\\FSDS-iNeuron\\10.Projects-DS\\Multiplation_Table\\artifact\\08132023__232052\\data_ingestion\\feature_store\\multiplication.csv', train_file_path='D:\\FSDS-iNeuron\\10.Projects-DS\\Multiplation_Table\\artifact\\08132023__232052\\data_ingestion\\dataset\\train.csv', test_file_path='D:\\FSDS-iNeuron\\10.Projects-DS\\Multiplation_Table\\artifact\\08132023__232052\\data_ingestion\\dataset\\test.csv')
[ 2023-08-13 23:20:53,316 ] 21 root - INFO - >>>>>>>>>>>>>>>>>>>>>>>>>>>>>>>>>>>>>>>> Data Validation <<<<<<<<<<<<<<<<<<<<<<<<<<<<<<<<<<<<<<<<
[ 2023-08-13 23:20:53,316 ] 86 root - INFO - Reading base dataframe
[ 2023-08-13 23:20:53,331 ] 89 root - INFO - Replace # value in base df
[ 2023-08-13 23:20:53,331 ] 92 root - INFO - Drop null values colums from base df
[ 2023-08-13 23:20:53,347 ] 95 root - INFO - Reading train dataframe
[ 2023-08-13 23:20:53,362 ] 97 root - INFO - Reading test dataframe
[ 2023-08-13 23:20:53,378 ] 100 root - INFO - Replace # value in train df
[ 2023-08-13 23:20:53,378 ] 102 root - INFO - Replace # value in test df
[ 2023-08-13 23:20:53,378 ] 105 root - INFO - Drop null values colums from train df
[ 2023-08-13 23:20:53,394 ] 107 root - INFO - Drop null values colums from test df
[ 2023-08-13 23:20:53,394 ] 110 root - INFO - Removing extra characters from base df
[ 2023-08-13 23:20:53,425 ] 112 root - INFO - Removing extra characters from train df
[ 2023-08-13 23:20:53,474 ] 114 root - INFO - Removing extra characters from test df
[ 2023-08-13 23:20:53,474 ] 117 root - INFO - Converting base df columns to int type
[ 2023-08-13 23:20:53,490 ] 119 root - INFO - Converting train df columns to int type
[ 2023-08-13 23:20:53,490 ] 121 root - INFO - Converting test df columns to int type
[ 2023-08-13 23:20:53,490 ] 122 root - INFO -          A    B    C
0     31.0  NaN  NaN
1      NaN  NaN  NaN
2      NaN  NaN  NaN
3      NaN  NaN  NaN
4      NaN  NaN  NaN
...    ...  ...  ...
2624   NaN  NaN  NaN
2625   NaN  NaN  NaN
2626   NaN  NaN  NaN
2627   NaN  NaN  NaN
2628   NaN  NaN  NaN

[2619 rows x 3 columns]
