[ 2023-08-14 18:53:19,367 ] 20 root - INFO - >>>>>>>>>>>>>>>>>>>>>>>>>>>>>>>>>>>>>>>> Data Ingestion <<<<<<<<<<<<<<<<<<<<<<<<<<<<<<<<<<<<<<<<
[ 2023-08-14 18:53:19,367 ] 31 root - INFO - Exporting collection data as pandas dataframe
[ 2023-08-14 18:53:19,367 ] 22 root - INFO - Reading data from database: MultiplicationTable and collection: Multiplication
[ 2023-08-14 18:53:20,449 ] 24 root - INFO - Found columns: Index(['_id', 'A', 'B', 'C'], dtype='object')
[ 2023-08-14 18:53:20,449 ] 26 root - INFO - Dropping column: _id 
[ 2023-08-14 18:53:20,465 ] 28 root - INFO - Row and columns in df: (13142, 3)
[ 2023-08-14 18:53:20,465 ] 37 root - INFO - Save data in feature store
[ 2023-08-14 18:53:20,465 ] 39 root - INFO - Create feature store folder if not available
[ 2023-08-14 18:53:20,465 ] 43 root - INFO - Save df to feature store folder
[ 2023-08-14 18:53:20,505 ] 47 root - INFO - split dataset into train and test set
[ 2023-08-14 18:53:20,505 ] 51 root - INFO - create dataset directory folder if not available
[ 2023-08-14 18:53:20,505 ] 56 root - INFO - Saving train df and test df to dataset folder
[ 2023-08-14 18:53:20,537 ] 67 root - INFO - Data ingestion artifact: DataIngestionArtifact(feature_store_file_path='D:\\FSDS-iNeuron\\10.Projects-DS\\Multiplation_Table\\artifact\\08142023__185319\\data_ingestion\\feature_store\\multiplication.csv', train_file_path='D:\\FSDS-iNeuron\\10.Projects-DS\\Multiplation_Table\\artifact\\08142023__185319\\data_ingestion\\dataset\\train.csv', test_file_path='D:\\FSDS-iNeuron\\10.Projects-DS\\Multiplation_Table\\artifact\\08142023__185319\\data_ingestion\\dataset\\test.csv')
[ 2023-08-14 18:53:20,537 ] 21 root - INFO - >>>>>>>>>>>>>>>>>>>>>>>>>>>>>>>>>>>>>>>> Data Validation <<<<<<<<<<<<<<<<<<<<<<<<<<<<<<<<<<<<<<<<
[ 2023-08-14 18:53:20,537 ] 86 root - INFO - Reading base dataframe
[ 2023-08-14 18:53:20,553 ] 89 root - INFO - Replace # value in base df
[ 2023-08-14 18:53:20,561 ] 92 root - INFO - Drop null values colums from base df
[ 2023-08-14 18:53:20,561 ] 95 root - INFO - Reading train dataframe
[ 2023-08-14 18:53:20,585 ] 97 root - INFO - Reading test dataframe
[ 2023-08-14 18:53:20,601 ] 100 root - INFO - Replace # value in train df
[ 2023-08-14 18:53:20,601 ] 102 root - INFO - Replace # value in test df
[ 2023-08-14 18:53:20,601 ] 105 root - INFO - Drop null values colums from train df
[ 2023-08-14 18:53:20,609 ] 107 root - INFO - Drop null values colums from test df
[ 2023-08-14 18:53:20,609 ] 110 root - INFO - Removing extra characters from base df
[ 2023-08-14 18:53:20,625 ] 112 root - INFO - Removing extra characters from train df
[ 2023-08-14 18:53:20,641 ] 114 root - INFO - Removing extra characters from test df
[ 2023-08-14 18:53:20,641 ] 117 root - INFO - Converting base df columns to float type
[ 2023-08-14 18:53:20,657 ] 119 root - INFO - Converting train df columns to float type
[ 2023-08-14 18:53:20,665 ] 121 root - INFO - Converting test df columns to float type
[ 2023-08-14 18:53:20,665 ] 124 root - INFO - Is all required columns present in train df
[ 2023-08-14 18:53:20,665 ] 126 root - INFO - Is all required columns present in test df
[ 2023-08-14 18:53:20,665 ] 130 root - INFO - As all column are available in train df hence detecting data drift in train dataframe
[ 2023-08-14 18:53:20,665 ] 63 root - INFO - Hypothesis A: float64, float64 
[ 2023-08-14 18:53:20,681 ] 63 root - INFO - Hypothesis B: float64, float64 
[ 2023-08-14 18:53:20,681 ] 63 root - INFO - Hypothesis C: float64, float64 
[ 2023-08-14 18:53:20,697 ] 133 root - INFO - As all column are available in test df hence detecting data drift test dataframe
[ 2023-08-14 18:53:20,697 ] 63 root - INFO - Hypothesis A: float64, float64 
[ 2023-08-14 18:53:20,697 ] 63 root - INFO - Hypothesis B: float64, float64 
[ 2023-08-14 18:53:20,697 ] 63 root - INFO - Hypothesis C: float64, float64 
[ 2023-08-14 18:53:20,697 ] 136 root - INFO - create dataset directory folder if not available for validated train file and test file
[ 2023-08-14 18:53:20,705 ] 141 root - INFO - Saving validated train df and test df to dataset folder
[ 2023-08-14 18:53:20,745 ] 147 root - INFO - Writing report in yaml file
[ 2023-08-14 18:53:20,745 ] 153 root - INFO - Data validation artifact: DataValidationArtifact(report_file_path='D:\\FSDS-iNeuron\\10.Projects-DS\\Multiplation_Table\\artifact\\08142023__185319\\data_validation\\report.yaml', train_file_path='D:\\FSDS-iNeuron\\10.Projects-DS\\Multiplation_Table\\artifact\\08142023__185319\\data_validation\\dataset\\train.csv', test_file_path='D:\\FSDS-iNeuron\\10.Projects-DS\\Multiplation_Table\\artifact\\08142023__185319\\data_validation\\dataset\\test.csv')
[ 2023-08-14 18:53:20,745 ] 19 root - INFO - >>>>>>>>>>>>>>>>>>>>>>>>>>>>>>>>>>>>>>>> Data Transformation <<<<<<<<<<<<<<<<<<<<<<<<<<<<<<<<<<<<<<<<
[ 2023-08-14 18:53:20,781 ] 89 root - INFO - Entered the save_object method of utils
[ 2023-08-14 18:53:20,789 ] 93 root - INFO - Exited the save_object method of utils
[ 2023-08-14 18:53:20,789 ] 75 root - INFO - Data transformation object DataTransformationArtifact(transformed_train_path='D:\\FSDS-iNeuron\\10.Projects-DS\\Multiplation_Table\\artifact\\08142023__185319\\data_transformation\\transformed\\train.npz', transformed_test_path='D:\\FSDS-iNeuron\\10.Projects-DS\\Multiplation_Table\\artifact\\08142023__185319\\data_transformation\\transformed\\test.npz', transform_object_path='D:\\FSDS-iNeuron\\10.Projects-DS\\Multiplation_Table\\artifact\\08142023__185319\\data_transformation\\target_encoder\\transformer.pkl')
[ 2023-08-14 18:53:20,789 ] 18 root - INFO - >>>>>>>>>>>>>>>>>>>>>>>>>>>>>>>>>>>>>>>> Model Trainer <<<<<<<<<<<<<<<<<<<<<<<<<<<<<<<<<<<<<<<<
[ 2023-08-14 18:53:20,789 ] 79 root - INFO - Loading train and test array.
[ 2023-08-14 18:53:20,813 ] 83 root - INFO - Splitting input and target feature from both train and test arr.
[ 2023-08-14 18:53:20,813 ] 92 root - INFO - Train the model
[ 2023-08-14 18:53:21,292 ] 96 root - INFO - Calculating r2 train score
[ 2023-08-14 18:53:21,321 ] 101 root - INFO - Calculating r2 test score
[ 2023-08-14 18:53:21,337 ] 105 root - INFO - train score:0.9185379237446191 and tests score 0.9672765374980751
[ 2023-08-14 18:53:21,337 ] 107 root - INFO - Checking if our model is underfitting or not
[ 2023-08-14 18:53:21,337 ] 112 root - INFO - Checking if our model is overfiiting or not
[ 2023-08-14 18:53:21,337 ] 119 root - INFO - Saving model object
[ 2023-08-14 18:53:21,337 ] 89 root - INFO - Entered the save_object method of utils
[ 2023-08-14 18:53:21,353 ] 93 root - INFO - Exited the save_object method of utils
[ 2023-08-14 18:53:21,353 ] 123 root - INFO - Prepare the artifact
[ 2023-08-14 18:53:21,353 ] 126 root - INFO - Model trainer artifact: ModelTrainerArtifact(model_path='D:\\FSDS-iNeuron\\10.Projects-DS\\Multiplation_Table\\artifact\\08142023__185319\\model_trainer\\model\\model.pkl', r2_train_score=0.9185379237446191, r2_test_score=0.9672765374980751)
