[ 2023-08-14 08:16:59,354 ] 20 root - INFO - >>>>>>>>>>>>>>>>>>>>>>>>>>>>>>>>>>>>>>>> Data Ingestion <<<<<<<<<<<<<<<<<<<<<<<<<<<<<<<<<<<<<<<<
[ 2023-08-14 08:16:59,354 ] 31 root - INFO - Exporting collection data as pandas dataframe
[ 2023-08-14 08:16:59,354 ] 22 root - INFO - Reading data from database: MultiplicationTable and collection: Multiplication
[ 2023-08-14 08:17:02,488 ] 24 root - INFO - Found columns: Index(['_id', 'A', 'B', 'C'], dtype='object')
[ 2023-08-14 08:17:02,488 ] 26 root - INFO - Dropping column: _id 
[ 2023-08-14 08:17:02,488 ] 28 root - INFO - Row and columns in df: (13142, 3)
[ 2023-08-14 08:17:02,488 ] 37 root - INFO - Save data in feature store
[ 2023-08-14 08:17:02,488 ] 39 root - INFO - Create feature store folder if not available
[ 2023-08-14 08:17:02,488 ] 43 root - INFO - Save df to feature store folder
[ 2023-08-14 08:17:02,529 ] 47 root - INFO - split dataset into train and test set
[ 2023-08-14 08:17:02,529 ] 51 root - INFO - create dataset directory folder if not available
[ 2023-08-14 08:17:02,529 ] 56 root - INFO - Saving train df and test df to dataset folder
[ 2023-08-14 08:17:02,560 ] 67 root - INFO - Data ingestion artifact: DataIngestionArtifact(feature_store_file_path='D:\\FSDS-iNeuron\\10.Projects-DS\\Multiplation_Table\\artifact\\08142023__081659\\data_ingestion\\feature_store\\multiplication.csv', train_file_path='D:\\FSDS-iNeuron\\10.Projects-DS\\Multiplation_Table\\artifact\\08142023__081659\\data_ingestion\\dataset\\train.csv', test_file_path='D:\\FSDS-iNeuron\\10.Projects-DS\\Multiplation_Table\\artifact\\08142023__081659\\data_ingestion\\dataset\\test.csv')
[ 2023-08-14 08:17:02,560 ] 21 root - INFO - >>>>>>>>>>>>>>>>>>>>>>>>>>>>>>>>>>>>>>>> Data Validation <<<<<<<<<<<<<<<<<<<<<<<<<<<<<<<<<<<<<<<<
[ 2023-08-14 08:17:02,560 ] 86 root - INFO - Reading base dataframe
[ 2023-08-14 08:17:02,576 ] 89 root - INFO - Replace # value in base df
[ 2023-08-14 08:17:02,576 ] 92 root - INFO - Drop null values colums from base df
[ 2023-08-14 08:17:02,576 ] 95 root - INFO - Reading train dataframe
[ 2023-08-14 08:17:02,592 ] 97 root - INFO - Reading test dataframe
[ 2023-08-14 08:17:02,607 ] 100 root - INFO - Replace # value in train df
[ 2023-08-14 08:17:02,607 ] 102 root - INFO - Replace # value in test df
[ 2023-08-14 08:17:02,607 ] 105 root - INFO - Drop null values colums from train df
[ 2023-08-14 08:17:02,607 ] 107 root - INFO - Drop null values colums from test df
[ 2023-08-14 08:17:02,607 ] 110 root - INFO - Removing extra characters from base df
[ 2023-08-14 08:17:02,623 ] 112 root - INFO - Removing extra characters from train df
[ 2023-08-14 08:17:02,639 ] 114 root - INFO - Removing extra characters from test df
[ 2023-08-14 08:17:02,654 ] 117 root - INFO - Converting base df columns to float type
[ 2023-08-14 08:17:02,654 ] 119 root - INFO - Converting train df columns to float type
[ 2023-08-14 08:17:02,670 ] 121 root - INFO - Converting test df columns to float type
[ 2023-08-14 08:17:02,670 ] 124 root - INFO - Is all required columns present in train df
[ 2023-08-14 08:17:02,670 ] 126 root - INFO - Is all required columns present in test df
[ 2023-08-14 08:17:02,670 ] 130 root - INFO - As all column are available in train df hence detecting data drift in train dataframe
[ 2023-08-14 08:17:02,670 ] 63 root - INFO - Hypothesis A: float64, float64 
[ 2023-08-14 08:17:02,682 ] 63 root - INFO - Hypothesis B: float64, float64 
[ 2023-08-14 08:17:02,682 ] 63 root - INFO - Hypothesis C: float64, float64 
[ 2023-08-14 08:17:02,682 ] 133 root - INFO - As all column are available in test df hence detecting data drift test dataframe
[ 2023-08-14 08:17:02,682 ] 63 root - INFO - Hypothesis A: float64, float64 
[ 2023-08-14 08:17:02,697 ] 63 root - INFO - Hypothesis B: float64, float64 
[ 2023-08-14 08:17:02,697 ] 63 root - INFO - Hypothesis C: float64, float64 
[ 2023-08-14 08:17:02,697 ] 136 root - INFO - create dataset directory folder if not available for validated train file and test file
[ 2023-08-14 08:17:02,697 ] 141 root - INFO - Saving validated train df and test df to dataset folder
[ 2023-08-14 08:17:02,729 ] 147 root - INFO - Writing report in yaml file
[ 2023-08-14 08:17:02,744 ] 153 root - INFO - Data validation artifact: DataValidationArtifact(report_file_path='D:\\FSDS-iNeuron\\10.Projects-DS\\Multiplation_Table\\artifact\\08142023__081659\\data_validation\\report.yaml', train_file_path='D:\\FSDS-iNeuron\\10.Projects-DS\\Multiplation_Table\\artifact\\08142023__081659\\data_validation\\dataset\\train.csv', test_file_path='D:\\FSDS-iNeuron\\10.Projects-DS\\Multiplation_Table\\artifact\\08142023__081659\\data_validation\\dataset\\test.csv')
[ 2023-08-14 08:17:02,744 ] 19 root - INFO - >>>>>>>>>>>>>>>>>>>>>>>>>>>>>>>>>>>>>>>> Data Transformation <<<<<<<<<<<<<<<<<<<<<<<<<<<<<<<<<<<<<<<<
[ 2023-08-14 08:17:02,762 ] 89 root - INFO - Entered the save_object method of utils
[ 2023-08-14 08:17:02,778 ] 93 root - INFO - Exited the save_object method of utils
[ 2023-08-14 08:17:02,778 ] 75 root - INFO - Data transformation object DataTransformationArtifact(transformed_train_path='D:\\FSDS-iNeuron\\10.Projects-DS\\Multiplation_Table\\artifact\\08142023__081659\\data_transformation\\transformed\\train.npz', transformed_test_path='D:\\FSDS-iNeuron\\10.Projects-DS\\Multiplation_Table\\artifact\\08142023__081659\\data_transformation\\transformed\\test.npz', transform_object_path='D:\\FSDS-iNeuron\\10.Projects-DS\\Multiplation_Table\\artifact\\08142023__081659\\data_transformation\\target_encoder\\transformer.pkl')
