[ 2023-08-14 18:57:48,394 ] 20 root - INFO - >>>>>>>>>>>>>>>>>>>>>>>>>>>>>>>>>>>>>>>> Data Ingestion <<<<<<<<<<<<<<<<<<<<<<<<<<<<<<<<<<<<<<<<
[ 2023-08-14 18:57:48,394 ] 31 root - INFO - Exporting collection data as pandas dataframe
[ 2023-08-14 18:57:48,394 ] 22 root - INFO - Reading data from database: MultiplicationTable and collection: Multiplication
[ 2023-08-14 18:57:49,543 ] 24 root - INFO - Found columns: Index(['_id', 'A', 'B', 'C'], dtype='object')
[ 2023-08-14 18:57:49,543 ] 26 root - INFO - Dropping column: _id 
[ 2023-08-14 18:57:49,543 ] 28 root - INFO - Row and columns in df: (13142, 3)
[ 2023-08-14 18:57:49,543 ] 38 root - INFO - Save data in feature store
[ 2023-08-14 18:57:49,543 ] 40 root - INFO - Create feature store folder if not available
[ 2023-08-14 18:57:49,543 ] 44 root - INFO - Save df to feature store folder
[ 2023-08-14 18:57:49,576 ] 48 root - INFO - split dataset into train and test set
[ 2023-08-14 18:57:49,584 ] 52 root - INFO - create dataset directory folder if not available
[ 2023-08-14 18:57:49,584 ] 57 root - INFO - Saving train df and test df to dataset folder
[ 2023-08-14 18:57:49,608 ] 68 root - INFO - Data ingestion artifact: DataIngestionArtifact(feature_store_file_path='D:\\FSDS-iNeuron\\10.Projects-DS\\Multiplation_Table\\artifact\\08142023__185748\\data_ingestion\\feature_store\\multiplication.csv', train_file_path='D:\\FSDS-iNeuron\\10.Projects-DS\\Multiplation_Table\\artifact\\08142023__185748\\data_ingestion\\dataset\\train.csv', test_file_path='D:\\FSDS-iNeuron\\10.Projects-DS\\Multiplation_Table\\artifact\\08142023__185748\\data_ingestion\\dataset\\test.csv')
[ 2023-08-14 18:57:49,616 ] 21 root - INFO - >>>>>>>>>>>>>>>>>>>>>>>>>>>>>>>>>>>>>>>> Data Validation <<<<<<<<<<<<<<<<<<<<<<<<<<<<<<<<<<<<<<<<
[ 2023-08-14 18:57:49,616 ] 86 root - INFO - Reading base dataframe
[ 2023-08-14 18:57:49,616 ] 89 root - INFO - Replace # value in base df
[ 2023-08-14 18:57:49,624 ] 92 root - INFO - Drop null values colums from base df
[ 2023-08-14 18:57:49,624 ] 95 root - INFO - Reading train dataframe
[ 2023-08-14 18:57:49,642 ] 97 root - INFO - Reading test dataframe
[ 2023-08-14 18:57:49,642 ] 100 root - INFO - Replace # value in train df
[ 2023-08-14 18:57:49,642 ] 102 root - INFO - Replace # value in test df
[ 2023-08-14 18:57:49,657 ] 105 root - INFO - Drop null values colums from train df
[ 2023-08-14 18:57:49,657 ] 107 root - INFO - Drop null values colums from test df
[ 2023-08-14 18:57:49,657 ] 110 root - INFO - Removing extra characters from base df
[ 2023-08-14 18:57:49,673 ] 112 root - INFO - Removing extra characters from train df
[ 2023-08-14 18:57:49,690 ] 114 root - INFO - Removing extra characters from test df
[ 2023-08-14 18:57:49,692 ] 117 root - INFO - Converting base df columns to float type
[ 2023-08-14 18:57:49,700 ] 119 root - INFO - Converting train df columns to float type
[ 2023-08-14 18:57:49,708 ] 121 root - INFO - Converting test df columns to float type
[ 2023-08-14 18:57:49,708 ] 124 root - INFO - Is all required columns present in train df
[ 2023-08-14 18:57:49,708 ] 126 root - INFO - Is all required columns present in test df
[ 2023-08-14 18:57:49,708 ] 130 root - INFO - As all column are available in train df hence detecting data drift in train dataframe
[ 2023-08-14 18:57:49,708 ] 63 root - INFO - Hypothesis A: float64, float64 
[ 2023-08-14 18:57:49,716 ] 63 root - INFO - Hypothesis B: float64, float64 
[ 2023-08-14 18:57:49,725 ] 63 root - INFO - Hypothesis C: float64, float64 
[ 2023-08-14 18:57:49,725 ] 133 root - INFO - As all column are available in test df hence detecting data drift test dataframe
[ 2023-08-14 18:57:49,725 ] 63 root - INFO - Hypothesis A: float64, float64 
[ 2023-08-14 18:57:49,725 ] 63 root - INFO - Hypothesis B: float64, float64 
[ 2023-08-14 18:57:49,725 ] 63 root - INFO - Hypothesis C: float64, float64 
[ 2023-08-14 18:57:49,741 ] 136 root - INFO - create dataset directory folder if not available for validated train file and test file
[ 2023-08-14 18:57:49,741 ] 141 root - INFO - Saving validated train df and test df to dataset folder
[ 2023-08-14 18:57:49,778 ] 147 root - INFO - Writing report in yaml file
[ 2023-08-14 18:57:49,778 ] 153 root - INFO - Data validation artifact: DataValidationArtifact(report_file_path='D:\\FSDS-iNeuron\\10.Projects-DS\\Multiplation_Table\\artifact\\08142023__185748\\data_validation\\report.yaml', train_file_path='D:\\FSDS-iNeuron\\10.Projects-DS\\Multiplation_Table\\artifact\\08142023__185748\\data_validation\\dataset\\train.csv', test_file_path='D:\\FSDS-iNeuron\\10.Projects-DS\\Multiplation_Table\\artifact\\08142023__185748\\data_validation\\dataset\\test.csv')
[ 2023-08-14 18:57:49,778 ] 19 root - INFO - >>>>>>>>>>>>>>>>>>>>>>>>>>>>>>>>>>>>>>>> Data Transformation <<<<<<<<<<<<<<<<<<<<<<<<<<<<<<<<<<<<<<<<
[ 2023-08-14 18:57:49,809 ] 89 root - INFO - Entered the save_object method of utils
[ 2023-08-14 18:57:49,809 ] 93 root - INFO - Exited the save_object method of utils
[ 2023-08-14 18:57:49,809 ] 75 root - INFO - Data transformation object DataTransformationArtifact(transformed_train_path='D:\\FSDS-iNeuron\\10.Projects-DS\\Multiplation_Table\\artifact\\08142023__185748\\data_transformation\\transformed\\train.npz', transformed_test_path='D:\\FSDS-iNeuron\\10.Projects-DS\\Multiplation_Table\\artifact\\08142023__185748\\data_transformation\\transformed\\test.npz', transform_object_path='D:\\FSDS-iNeuron\\10.Projects-DS\\Multiplation_Table\\artifact\\08142023__185748\\data_transformation\\target_encoder\\transformer.pkl')
[ 2023-08-14 18:57:49,809 ] 18 root - INFO - >>>>>>>>>>>>>>>>>>>>>>>>>>>>>>>>>>>>>>>> Model Trainer <<<<<<<<<<<<<<<<<<<<<<<<<<<<<<<<<<<<<<<<
[ 2023-08-14 18:57:49,809 ] 79 root - INFO - Loading train and test array.
[ 2023-08-14 18:57:49,825 ] 83 root - INFO - Splitting input and target feature from both train and test arr.
[ 2023-08-14 18:57:49,825 ] 92 root - INFO - Train the model
[ 2023-08-14 18:57:50,218 ] 96 root - INFO - Calculating r2 train score
[ 2023-08-14 18:57:50,266 ] 101 root - INFO - Calculating r2 test score
[ 2023-08-14 18:57:50,282 ] 105 root - INFO - train score:0.9433458861080237 and tests score 0.9805498997022891
[ 2023-08-14 18:57:50,282 ] 107 root - INFO - Checking if our model is underfitting or not
[ 2023-08-14 18:57:50,282 ] 112 root - INFO - Checking if our model is overfiiting or not
[ 2023-08-14 18:57:50,282 ] 119 root - INFO - Saving model object
[ 2023-08-14 18:57:50,282 ] 89 root - INFO - Entered the save_object method of utils
[ 2023-08-14 18:57:50,306 ] 93 root - INFO - Exited the save_object method of utils
[ 2023-08-14 18:57:50,306 ] 123 root - INFO - Prepare the artifact
[ 2023-08-14 18:57:50,306 ] 126 root - INFO - Model trainer artifact: ModelTrainerArtifact(model_path='D:\\FSDS-iNeuron\\10.Projects-DS\\Multiplation_Table\\artifact\\08142023__185748\\model_trainer\\model\\model.pkl', r2_train_score=0.9433458861080237, r2_test_score=0.9805498997022891)
