[ 2023-08-14 18:09:20,409 ] 20 root - INFO - >>>>>>>>>>>>>>>>>>>>>>>>>>>>>>>>>>>>>>>> Data Ingestion <<<<<<<<<<<<<<<<<<<<<<<<<<<<<<<<<<<<<<<<
[ 2023-08-14 18:09:20,409 ] 31 root - INFO - Exporting collection data as pandas dataframe
[ 2023-08-14 18:09:20,409 ] 22 root - INFO - Reading data from database: MultiplicationTable and collection: Multiplication
[ 2023-08-14 18:09:21,598 ] 24 root - INFO - Found columns: Index(['_id', 'A', 'B', 'C'], dtype='object')
[ 2023-08-14 18:09:21,598 ] 26 root - INFO - Dropping column: _id 
[ 2023-08-14 18:09:21,609 ] 28 root - INFO - Row and columns in df: (13142, 3)
[ 2023-08-14 18:09:21,609 ] 37 root - INFO - Save data in feature store
[ 2023-08-14 18:09:21,609 ] 39 root - INFO - Create feature store folder if not available
[ 2023-08-14 18:09:21,614 ] 43 root - INFO - Save df to feature store folder
[ 2023-08-14 18:09:21,647 ] 47 root - INFO - split dataset into train and test set
[ 2023-08-14 18:09:21,649 ] 51 root - INFO - create dataset directory folder if not available
[ 2023-08-14 18:09:21,654 ] 56 root - INFO - Saving train df and test df to dataset folder
[ 2023-08-14 18:09:21,689 ] 67 root - INFO - Data ingestion artifact: DataIngestionArtifact(feature_store_file_path='D:\\FSDS-iNeuron\\10.Projects-DS\\Multiplation_Table\\artifact\\08142023__180920\\data_ingestion\\feature_store\\multiplication.csv', train_file_path='D:\\FSDS-iNeuron\\10.Projects-DS\\Multiplation_Table\\artifact\\08142023__180920\\data_ingestion\\dataset\\train.csv', test_file_path='D:\\FSDS-iNeuron\\10.Projects-DS\\Multiplation_Table\\artifact\\08142023__180920\\data_ingestion\\dataset\\test.csv')
[ 2023-08-14 18:09:21,698 ] 21 root - INFO - >>>>>>>>>>>>>>>>>>>>>>>>>>>>>>>>>>>>>>>> Data Validation <<<<<<<<<<<<<<<<<<<<<<<<<<<<<<<<<<<<<<<<
[ 2023-08-14 18:09:21,699 ] 86 root - INFO - Reading base dataframe
[ 2023-08-14 18:09:21,709 ] 89 root - INFO - Replace # value in base df
[ 2023-08-14 18:09:21,718 ] 92 root - INFO - Drop null values colums from base df
[ 2023-08-14 18:09:21,719 ] 95 root - INFO - Reading train dataframe
[ 2023-08-14 18:09:21,768 ] 97 root - INFO - Reading test dataframe
[ 2023-08-14 18:09:21,783 ] 100 root - INFO - Replace # value in train df
[ 2023-08-14 18:09:21,783 ] 102 root - INFO - Replace # value in test df
[ 2023-08-14 18:09:21,788 ] 105 root - INFO - Drop null values colums from train df
[ 2023-08-14 18:09:21,788 ] 107 root - INFO - Drop null values colums from test df
[ 2023-08-14 18:09:21,788 ] 110 root - INFO - Removing extra characters from base df
[ 2023-08-14 18:09:21,809 ] 112 root - INFO - Removing extra characters from train df
[ 2023-08-14 18:09:21,824 ] 114 root - INFO - Removing extra characters from test df
[ 2023-08-14 18:09:21,829 ] 117 root - INFO - Converting base df columns to float type
[ 2023-08-14 18:09:21,839 ] 119 root - INFO - Converting train df columns to float type
[ 2023-08-14 18:09:21,849 ] 121 root - INFO - Converting test df columns to float type
[ 2023-08-14 18:09:21,849 ] 124 root - INFO - Is all required columns present in train df
[ 2023-08-14 18:09:21,849 ] 126 root - INFO - Is all required columns present in test df
[ 2023-08-14 18:09:21,849 ] 130 root - INFO - As all column are available in train df hence detecting data drift in train dataframe
[ 2023-08-14 18:09:21,849 ] 63 root - INFO - Hypothesis A: float64, float64 
[ 2023-08-14 18:09:21,859 ] 63 root - INFO - Hypothesis B: float64, float64 
[ 2023-08-14 18:09:21,869 ] 63 root - INFO - Hypothesis C: float64, float64 
[ 2023-08-14 18:09:21,879 ] 133 root - INFO - As all column are available in test df hence detecting data drift test dataframe
[ 2023-08-14 18:09:21,879 ] 63 root - INFO - Hypothesis A: float64, float64 
[ 2023-08-14 18:09:21,879 ] 63 root - INFO - Hypothesis B: float64, float64 
[ 2023-08-14 18:09:21,879 ] 63 root - INFO - Hypothesis C: float64, float64 
[ 2023-08-14 18:09:21,879 ] 136 root - INFO - create dataset directory folder if not available for validated train file and test file
[ 2023-08-14 18:09:21,889 ] 141 root - INFO - Saving validated train df and test df to dataset folder
[ 2023-08-14 18:09:21,929 ] 147 root - INFO - Writing report in yaml file
[ 2023-08-14 18:09:21,939 ] 153 root - INFO - Data validation artifact: DataValidationArtifact(report_file_path='D:\\FSDS-iNeuron\\10.Projects-DS\\Multiplation_Table\\artifact\\08142023__180920\\data_validation\\report.yaml', train_file_path='D:\\FSDS-iNeuron\\10.Projects-DS\\Multiplation_Table\\artifact\\08142023__180920\\data_validation\\dataset\\train.csv', test_file_path='D:\\FSDS-iNeuron\\10.Projects-DS\\Multiplation_Table\\artifact\\08142023__180920\\data_validation\\dataset\\test.csv')
[ 2023-08-14 18:09:21,939 ] 19 root - INFO - >>>>>>>>>>>>>>>>>>>>>>>>>>>>>>>>>>>>>>>> Data Transformation <<<<<<<<<<<<<<<<<<<<<<<<<<<<<<<<<<<<<<<<
[ 2023-08-14 18:09:21,989 ] 89 root - INFO - Entered the save_object method of utils
[ 2023-08-14 18:09:21,999 ] 93 root - INFO - Exited the save_object method of utils
[ 2023-08-14 18:09:21,999 ] 75 root - INFO - Data transformation object DataTransformationArtifact(transformed_train_path='D:\\FSDS-iNeuron\\10.Projects-DS\\Multiplation_Table\\artifact\\08142023__180920\\data_transformation\\transformed\\train.npz', transformed_test_path='D:\\FSDS-iNeuron\\10.Projects-DS\\Multiplation_Table\\artifact\\08142023__180920\\data_transformation\\transformed\\test.npz', transform_object_path='D:\\FSDS-iNeuron\\10.Projects-DS\\Multiplation_Table\\artifact\\08142023__180920\\data_transformation\\target_encoder\\transformer.pkl')
[ 2023-08-14 18:09:21,999 ] 18 root - INFO - >>>>>>>>>>>>>>>>>>>>>>>>>>>>>>>>>>>>>>>> Model Trainer <<<<<<<<<<<<<<<<<<<<<<<<<<<<<<<<<<<<<<<<
[ 2023-08-14 18:09:21,999 ] 79 root - INFO - Loading train and test array.
[ 2023-08-14 18:09:22,038 ] 83 root - INFO - Splitting input and target feature from both train and test arr.
[ 2023-08-14 18:09:22,038 ] 92 root - INFO - Train the model
[ 2023-08-14 18:09:22,479 ] 96 root - INFO - Calculating r2 train score
[ 2023-08-14 18:09:22,524 ] 101 root - INFO - Calculating r2 test score
[ 2023-08-14 18:09:22,539 ] 105 root - INFO - train score:0.9331132962168356 and tests score 0.9888498653154241
[ 2023-08-14 18:09:22,539 ] 107 root - INFO - Checking if our model is underfitting or not
[ 2023-08-14 18:09:22,539 ] 112 root - INFO - Checking if our model is overfiiting or not
[ 2023-08-14 18:09:22,539 ] 119 root - INFO - Saving model object
[ 2023-08-14 18:09:22,539 ] 89 root - INFO - Entered the save_object method of utils
[ 2023-08-14 18:09:22,559 ] 93 root - INFO - Exited the save_object method of utils
[ 2023-08-14 18:09:22,559 ] 123 root - INFO - Prepare the artifact
[ 2023-08-14 18:09:22,559 ] 126 root - INFO - Model trainer artifact: ModelTrainerArtifact(model_path='D:\\FSDS-iNeuron\\10.Projects-DS\\Multiplation_Table\\artifact\\08142023__180920\\model_trainer\\model\\model.pkl', r2_train_score=0.9331132962168356, r2_test_score=0.9888498653154241)
